<?xml version="1.0" encoding="utf-8"?><testsuites name="pytest tests"><testsuite name="pytest" errors="0" failures="0" skipped="0" tests="12" time="0.980" timestamp="2026-08-15T11:40:03.677799+00:00" hostname="agent-env-14f24051-c224-4f90-892c-765371df0239"><testcase classname="tests.test_push_notifications.TestNonRegression" name="test_health_catalog_version" time="0.241" /><testcase classname="tests.test_push_notifications.TestAdminBroadcast" name="test_no_token_returns_401" time="0.237" /><testcase classname="tests.test_push_notifications.TestAdminBroadcast" name="test_wrong_token_returns_401" time="0.080" /><testcase classname="tests.test_push_notifications.TestNonRegression" name="test_catalog_still_returns_many_cards" time="0.068" /><testcase classname="tests.test_push_notifications.TestNonRegression" name="test_admin_verify_still_works" time="0.093" /><testcase classname="tests.test_push_notifications.TestAdminBroadcast" name="test_valid_token_returns_zero_recipients" time="0.042" /><testcase classname="tests.test_push_notifications.TestAdminBroadcast" name="test_missing_fields_returns_422" time="0.040" /><testcase classname="tests.test_push_notifications.TestAdminBroadcast" name="test_accepts_optional_action_url" time="0.040" /><testcase classname="tests.test_push_notifications.TestNonRegression" name="test_admin_summary_still_works" time="0.089" /><testcase classname="tests.test_push_notifications.TestRegisterPush" name="test_missing_body_returns_422" time="0.050" /><testcase classname="tests.test_push_notifications.TestRegisterPush" name="test_missing_field_returns_422" time="0.047" /><testcase classname="tests.test_push_notifications.TestRegisterPush" name="test_placeholder_key_returns_clean_500" time="0.085" /></testsuite></testsuites>