<?xml version="1.0" encoding="utf-8"?><testsuites name="pytest tests"><testsuite name="pytest" errors="2" failures="0" skipped="0" tests="40" time="1.751" timestamp="2026-08-15T11:40:08.120135+00:00" hostname="agent-env-14f24051-c224-4f90-892c-765371df0239"><testcase classname="" name="tests.test_airtable_sync" time="0.000"><error message="collection failure">backend/tests/test_airtable_sync.py:14: in &lt;module&gt;
    BASE_URL = (os.environ.get("EXPO_PUBLIC_BACKEND_URL") or os.environ.get("EXPO_BACKEND_URL")).rstrip("/")
               ^^^^^^^^^^^^^^^^^^^^^^^^^^^^^^^^^^^^^^^^^^^^^^^^^^^^^^^^^^^^^^^^^^^^^^^^^^^^^^^^^^^^^^^^
E   AttributeError: 'NoneType' object has no attribute 'rstrip'</error><error message="collection failure">backend/tests/test_airtable_sync.py:14: in &lt;module&gt;
    BASE_URL = (os.environ.get("EXPO_PUBLIC_BACKEND_URL") or os.environ.get("EXPO_BACKEND_URL")).rstrip("/")
               ^^^^^^^^^^^^^^^^^^^^^^^^^^^^^^^^^^^^^^^^^^^^^^^^^^^^^^^^^^^^^^^^^^^^^^^^^^^^^^^^^^^^^^^^
E   AttributeError: 'NoneType' object has no attribute 'rstrip'</error></testcase><testcase classname="tests.test_declic_api" name="test_health" time="0.098" /><testcase classname="tests.test_admin_auth.TestCardCrud" name="test_create_card_ok" time="0.013" /><testcase classname="tests.test_admin_auth.TestCardCrud" name="test_create_card_unauthorized" time="0.043" /><testcase classname="tests.test_admin_auth.TestCardCrud" name="test_update_card_ok" time="0.043" /><testcase classname="tests.test_declic_api" name="test_catalog_full" time="0.066" /><testcase classname="tests.test_admin_auth.TestCardCrud" name="test_update_card_unauthorized" time="0.042" /><testcase classname="tests.test_admin_auth.TestCardCrud" name="test_delete_card_ok" time="0.087" /><testcase classname="tests.test_declic_api" name="test_catalog_no_premium" time="0.057" /><testcase classname="tests.test_declic_api" name="test_cards_filter_mode" time="0.047" /><testcase classname="tests.test_admin_auth.TestCardCrud" name="test_delete_card_unauthorized" time="0.042" /><testcase classname="tests.test_declic_api" name="test_cards_filter_premium" time="0.053" /><testcase classname="tests.test_push_notifications.TestAdminBroadcast" name="test_no_token_returns_401" time="0.135" /><testcase classname="tests.test_declic_api" name="test_admin_requires_token" time="0.138" /><testcase classname="tests.test_push_notifications.TestAdminBroadcast" name="test_wrong_token_returns_401" time="0.046" /><testcase classname="tests.test_push_notifications.TestAdminBroadcast" name="test_valid_token_returns_zero_recipients" time="0.084" /><testcase classname="tests.test_declic_api" name="test_admin_old_token_rejected" time="0.044" /><testcase classname="tests.test_declic_api" name="test_admin_verify_ok" time="0.047" /><testcase classname="tests.test_push_notifications.TestAdminBroadcast" name="test_missing_fields_returns_422" time="0.043" /><testcase classname="tests.test_declic_api" name="test_admin_summary" time="0.048" /><testcase classname="tests.test_push_notifications.TestAdminBroadcast" name="test_accepts_optional_action_url" time="0.045" /><testcase classname="tests.test_declic_api" name="test_csv_import_and_cleanup" time="0.331" /><testcase classname="tests.test_push_notifications.TestNonRegression" name="test_health_catalog_version" time="0.044" /><testcase classname="tests.test_push_notifications.TestNonRegression" name="test_catalog_still_returns_many_cards" time="0.084" /><testcase classname="tests.test_push_notifications.TestNonRegression" name="test_admin_verify_still_works" time="0.086" /><testcase classname="tests.test_push_notifications.TestNonRegression" name="test_admin_summary_still_works" time="0.050" /><testcase classname="tests.test_admin_auth.TestAdminVerify" name="test_verify_with_good_token" time="0.002" /><testcase classname="tests.test_admin_auth.TestAdminVerify" name="test_verify_with_bad_token" time="0.042" /><testcase classname="tests.test_declic_api" name="test_packs" time="0.049" /><testcase classname="tests.test_admin_auth.TestAdminVerify" name="test_verify_without_header" time="0.042" /><testcase classname="tests.test_admin_auth.TestAdminReadEndpoints" name="test_admin_summary_ok" time="0.043" /><testcase classname="tests.test_declic_api" name="test_event_log" time="0.047" /><testcase classname="tests.test_admin_auth.TestAdminReadEndpoints" name="test_admin_summary_unauthorized" time="0.042" /><testcase classname="tests.test_push_notifications.TestRegisterPush" name="test_missing_body_returns_422" time="0.186" /><testcase classname="tests.test_admin_auth.TestAdminReadEndpoints" name="test_admin_cards_ok" time="0.009" /><testcase classname="tests.test_declic_api.TestCardCRUD" name="test_full_crud" time="0.230" /><testcase classname="tests.test_push_notifications.TestRegisterPush" name="test_missing_field_returns_422" time="0.083" /><testcase classname="tests.test_push_notifications.TestRegisterPush" name="test_placeholder_key_returns_clean_500" time="0.116" /><testcase classname="tests.test_declic_api.TestCardCRUD" name="test_update_nonexistent" time="0.051" /></testsuite></testsuites>