<?xml version="1.0" encoding="utf-8"?><testsuites name="pytest tests"><testsuite name="pytest" errors="0" failures="0" skipped="0" tests="14" time="1.431" timestamp="2026-08-15T11:21:05.463946+00:00" hostname="agent-env-14f24051-c224-4f90-892c-765371df0239"><testcase classname="tests.test_declic_api.TestCardCRUD" name="test_full_crud" time="0.405" /><testcase classname="tests.test_declic_api" name="test_health" time="0.207" /><testcase classname="tests.test_declic_api" name="test_catalog_full" time="0.103" /><testcase classname="tests.test_declic_api" name="test_catalog_no_premium" time="0.061" /><testcase classname="tests.test_declic_api" name="test_cards_filter_mode" time="0.048" /><testcase classname="tests.test_declic_api.TestCardCRUD" name="test_update_nonexistent" time="0.053" /><testcase classname="tests.test_declic_api" name="test_cards_filter_premium" time="0.050" /><testcase classname="tests.test_declic_api" name="test_admin_requires_token" time="0.131" /><testcase classname="tests.test_declic_api" name="test_admin_old_token_rejected" time="0.078" /><testcase classname="tests.test_declic_api" name="test_admin_verify_ok" time="0.042" /><testcase classname="tests.test_declic_api" name="test_admin_summary" time="0.045" /><testcase classname="tests.test_declic_api" name="test_csv_import_and_cleanup" time="0.241" /><testcase classname="tests.test_declic_api" name="test_packs" time="0.051" /><testcase classname="tests.test_declic_api" name="test_event_log" time="0.058" /></testsuite></testsuites>